[21:21:12.852] Global cache location '/Users/sahil/Library/Caches/typescript/4.1', safe file path '/usr/local/lib/node_modules/typescript/lib/typingsafelist.json', types map path /usr/local/lib/node_modules/typescript/lib/typesmap.json
[21:21:12.853] Processing cache location '/Users/sahil/Library/Caches/typescript/4.1'
[21:21:12.853] Trying to find '/Users/sahil/Library/Caches/typescript/4.1/package.json'...
[21:21:12.854] Finished processing cache location '/Users/sahil/Library/Caches/typescript/4.1'
[21:21:12.854] Process id: 22770
[21:21:12.854] NPM location: /usr/local/Cellar/node/15.7.0/bin/npm (explicit '--npmLocation' not  provided)
[21:21:12.854] validateDefaultNpmLocation: false
[21:21:12.854] Npm config file: /Users/sahil/Library/Caches/typescript/4.1/package.json
[21:21:12.854] Npm config file: '/Users/sahil/Library/Caches/typescript/4.1/package.json' is missing, creating new one...
[21:21:12.855] Updating types-registry npm package...
[21:21:12.855] Exec: /usr/local/Cellar/node/15.7.0/bin/npm install --ignore-scripts types-registry@latest
[21:21:12.863]     Failed. stdout:
    stderr:
    /bin/sh: /usr/local/Cellar/node/15.7.0/bin/npm: No such file or directory
    
[21:21:12.863] Updated types-registry npm package
[21:21:12.863] Types registry file '/Users/sahil/Library/Caches/typescript/4.1/node_modules/types-registry/index.json' does not exist
[21:21:13.360] Got install request {"projectName":"/dev/null/inferredProject1*","fileNames":["/usr/local/lib/node_modules/typescript/lib/lib.es5.d.ts","/usr/local/lib/node_modules/typescript/lib/lib.es2015.d.ts","/usr/local/lib/node_modules/typescript/lib/lib.es2016.d.ts","/usr/local/lib/node_modules/typescript/lib/lib.dom.d.ts","/usr/local/lib/node_modules/typescript/lib/lib.dom.iterable.d.ts","/usr/local/lib/node_modules/typescript/lib/lib.webworker.importscripts.d.ts","/usr/local/lib/node_modules/typescript/lib/lib.scripthost.d.ts","/usr/local/lib/node_modules/typescript/lib/lib.es2015.core.d.ts","/usr/local/lib/node_modules/typescript/lib/lib.es2015.collection.d.ts","/usr/local/lib/node_modules/typescript/lib/lib.es2015.generator.d.ts","/usr/local/lib/node_modules/typescript/lib/lib.es2015.iterable.d.ts","/usr/local/lib/node_modules/typescript/lib/lib.es2015.promise.d.ts","/usr/local/lib/node_modules/typescript/lib/lib.es2015.proxy.d.ts","/usr/local/lib/node_modules/typescript/lib/lib.es2015.reflect.d.ts","/usr/local/lib/node_modules/typescript/lib/lib.es2015.symbol.d.ts","/usr/local/lib/node_modules/typescript/lib/lib.es2015.symbol.wellknown.d.ts","/usr/local/lib/node_modules/typescript/lib/lib.es2016.array.include.d.ts","/usr/local/lib/node_modules/typescript/lib/lib.es2016.full.d.ts","/Users/sahil/Documents/code/full-stack-developer-journey/basics/variables.js"],"compilerOptions":{"module":1,"target":3,"jsx":1,"allowJs":true,"allowSyntheticDefaultImports":true,"allowNonTsExtensions":true,"noEmitForJsFiles":true,"maxNodeModuleJsDepth":2},"typeAcquisition":{"enable":true,"include":[],"exclude":[]},"unresolvedImports":[],"projectRootPath":"/Users/sahil/Documents/code/full-stack-developer-journey/basics","kind":"discover"}
[21:21:13.386] Loaded safelist from types map file '/usr/local/lib/node_modules/typescript/lib/typesmap.json'
[21:21:13.387] Explicitly included types: []
[21:21:13.388] Inferred typings from unresolved imports: []
[21:21:13.388] Result: {"cachedTypingPaths":[],"newTypingNames":[],"filesToWatch":["/Users/sahil/Documents/code/full-stack-developer-journey/basics/bower_components","/Users/sahil/Documents/code/full-stack-developer-journey/basics/node_modules"]}
[21:21:13.388] Finished typings discovery: {"cachedTypingPaths":[],"newTypingNames":[],"filesToWatch":["/Users/sahil/Documents/code/full-stack-developer-journey/basics/bower_components","/Users/sahil/Documents/code/full-stack-developer-journey/basics/node_modules"]}
[21:21:13.388] DirectoryWatcher:: Added:: WatchInfo: /Users/sahil/Documents/code/full-stack-developer-journey/basics/bower_components
[21:21:13.390] DirectoryWatcher:: Added:: WatchInfo: /Users/sahil/Documents/code/full-stack-developer-journey/basics/node_modules
[21:21:13.390] Sending response:
    {"projectName":"/dev/null/inferredProject1*","typeAcquisition":{"enable":true,"include":[],"exclude":[]},"compilerOptions":{"module":1,"target":3,"jsx":1,"allowJs":true,"allowSyntheticDefaultImports":true,"allowNonTsExtensions":true,"noEmitForJsFiles":true,"maxNodeModuleJsDepth":2},"typings":[],"unresolvedImports":[],"kind":"action::set"}
[21:21:13.390] Response has been sent.
[21:21:13.391] No new typings were requested as a result of typings discovery
